<?xml version="1.0" encoding="UTF-8"?>
<testsuite xmlns:xsi="http://www.w3.org/2001/XMLSchema-instance" xsi:noNamespaceSchemaLocation="https://maven.apache.org/surefire/maven-surefire-plugin/xsd/surefire-test-report.xsd" name="br.com.alura.linguagensapi.LinguagensApiApplicationTests" time="0.508" tests="1" errors="1" skipped="0" failures="0">
  <properties>
    <property name="java.specification.version" value="18"/>
    <property name="sun.cpu.isalist" value="amd64"/>
    <property name="sun.jnu.encoding" value="Cp1252"/>
    <property name="java.class.path" value="C:\Users\devre\OneDrive\Documentos\AluraStickersJava\linguagens-api\target\test-classes;C:\Users\devre\OneDrive\Documentos\AluraStickersJava\linguagens-api\target\classes;C:\Users\devre\.m2\repository\org\springframework\boot\spring-boot-starter-web\3.0.0-M4\spring-boot-starter-web-3.0.0-M4.jar;C:\Users\devre\.m2\repository\org\springframework\boot\spring-boot-starter\3.0.0-M4\spring-boot-starter-3.0.0-M4.jar;C:\Users\devre\.m2\repository\org\springframework\boot\spring-boot\3.0.0-M4\spring-boot-3.0.0-M4.jar;C:\Users\devre\.m2\repository\org\springframework\boot\spring-boot-autoconfigure\3.0.0-M4\spring-boot-autoconfigure-3.0.0-M4.jar;C:\Users\devre\.m2\repository\org\springframework\boot\spring-boot-starter-logging\3.0.0-M4\spring-boot-starter-logging-3.0.0-M4.jar;C:\Users\devre\.m2\repository\ch\qos\logback\logback-classic\1.2.11\logback-classic-1.2.11.jar;C:\Users\devre\.m2\repository\ch\qos\logback\logback-core\1.2.11\logback-core-1.2.11.jar;C:\Users\devre\.m2\repository\org\apache\logging\log4j\log4j-to-slf4j\2.18.0\log4j-to-slf4j-2.18.0.jar;C:\Users\devre\.m2\repository\org\apache\logging\log4j\log4j-api\2.18.0\log4j-api-2.18.0.jar;C:\Users\devre\.m2\repository\org\slf4j\jul-to-slf4j\1.7.36\jul-to-slf4j-1.7.36.jar;C:\Users\devre\.m2\repository\jakarta\annotation\jakarta.annotation-api\2.0.0\jakarta.annotation-api-2.0.0.jar;C:\Users\devre\.m2\repository\org\yaml\snakeyaml\1.30\snakeyaml-1.30.jar;C:\Users\devre\.m2\repository\org\springframework\boot\spring-boot-starter-json\3.0.0-M4\spring-boot-starter-json-3.0.0-M4.jar;C:\Users\devre\.m2\repository\com\fasterxml\jackson\core\jackson-databind\2.13.3\jackson-databind-2.13.3.jar;C:\Users\devre\.m2\repository\com\fasterxml\jackson\core\jackson-annotations\2.13.3\jackson-annotations-2.13.3.jar;C:\Users\devre\.m2\repository\com\fasterxml\jackson\core\jackson-core\2.13.3\jackson-core-2.13.3.jar;C:\Users\devre\.m2\repository\com\fasterxml\jackson\datatype\jackson-datatype-jdk8\2.13.3\jackson-datatype-jdk8-2.13.3.jar;C:\Users\devre\.m2\repository\com\fasterxml\jackson\datatype\jackson-datatype-jsr310\2.13.3\jackson-datatype-jsr310-2.13.3.jar;C:\Users\devre\.m2\repository\com\fasterxml\jackson\module\jackson-module-parameter-names\2.13.3\jackson-module-parameter-names-2.13.3.jar;C:\Users\devre\.m2\repository\org\springframework\boot\spring-boot-starter-tomcat\3.0.0-M4\spring-boot-starter-tomcat-3.0.0-M4.jar;C:\Users\devre\.m2\repository\org\apache\tomcat\embed\tomcat-embed-core\10.0.22\tomcat-embed-core-10.0.22.jar;C:\Users\devre\.m2\repository\org\apache\tomcat\embed\tomcat-embed-el\10.0.22\tomcat-embed-el-10.0.22.jar;C:\Users\devre\.m2\repository\org\apache\tomcat\embed\tomcat-embed-websocket\10.0.22\tomcat-embed-websocket-10.0.22.jar;C:\Users\devre\.m2\repository\org\springframework\spring-web\6.0.0-M5\spring-web-6.0.0-M5.jar;C:\Users\devre\.m2\repository\org\springframework\spring-beans\6.0.0-M5\spring-beans-6.0.0-M5.jar;C:\Users\devre\.m2\repository\org\springframework\spring-webmvc\6.0.0-M5\spring-webmvc-6.0.0-M5.jar;C:\Users\devre\.m2\repository\org\springframework\spring-aop\6.0.0-M5\spring-aop-6.0.0-M5.jar;C:\Users\devre\.m2\repository\org\springframework\spring-context\6.0.0-M5\spring-context-6.0.0-M5.jar;C:\Users\devre\.m2\repository\org\springframework\spring-expression\6.0.0-M5\spring-expression-6.0.0-M5.jar;C:\Users\devre\.m2\repository\org\springframework\boot\spring-boot-starter-data-mongodb\3.0.0-M4\spring-boot-starter-data-mongodb-3.0.0-M4.jar;C:\Users\devre\.m2\repository\org\mongodb\mongodb-driver-sync\4.7.0-beta0\mongodb-driver-sync-4.7.0-beta0.jar;C:\Users\devre\.m2\repository\org\mongodb\bson\4.7.0-beta0\bson-4.7.0-beta0.jar;C:\Users\devre\.m2\repository\org\mongodb\mongodb-driver-core\4.7.0-beta0\mongodb-driver-core-4.7.0-beta0.jar;C:\Users\devre\.m2\repository\org\mongodb\bson-record-codec\4.7.0-beta0\bson-record-codec-4.7.0-beta0.jar;C:\Users\devre\.m2\repository\org\springframework\data\spring-data-mongodb\4.0.0-M5\spring-data-mongodb-4.0.0-M5.jar;C:\Users\devre\.m2\repository\org\springframework\spring-tx\6.0.0-M5\spring-tx-6.0.0-M5.jar;C:\Users\devre\.m2\repository\org\springframework\data\spring-data-commons\3.0.0-M5\spring-data-commons-3.0.0-M5.jar;C:\Users\devre\.m2\repository\org\slf4j\slf4j-api\1.7.36\slf4j-api-1.7.36.jar;C:\Users\devre\.m2\repository\org\springframework\boot\spring-boot-starter-test\3.0.0-M4\spring-boot-starter-test-3.0.0-M4.jar;C:\Users\devre\.m2\repository\org\springframework\boot\spring-boot-test\3.0.0-M4\spring-boot-test-3.0.0-M4.jar;C:\Users\devre\.m2\repository\org\springframework\boot\spring-boot-test-autoconfigure\3.0.0-M4\spring-boot-test-autoconfigure-3.0.0-M4.jar;C:\Users\devre\.m2\repository\com\jayway\jsonpath\json-path\2.7.0\json-path-2.7.0.jar;C:\Users\devre\.m2\repository\net\minidev\json-smart\2.4.8\json-smart-2.4.8.jar;C:\Users\devre\.m2\repository\net\minidev\accessors-smart\2.4.8\accessors-smart-2.4.8.jar;C:\Users\devre\.m2\repository\org\ow2\asm\asm\9.1\asm-9.1.jar;C:\Users\devre\.m2\repository\jakarta\xml\bind\jakarta.xml.bind-api\3.0.1\jakarta.xml.bind-api-3.0.1.jar;C:\Users\devre\.m2\repository\com\sun\activation\jakarta.activation\2.0.1\jakarta.activation-2.0.1.jar;C:\Users\devre\.m2\repository\org\assertj\assertj-core\3.23.1\assertj-core-3.23.1.jar;C:\Users\devre\.m2\repository\net\bytebuddy\byte-buddy\1.12.12\byte-buddy-1.12.12.jar;C:\Users\devre\.m2\repository\org\hamcrest\hamcrest\2.2\hamcrest-2.2.jar;C:\Users\devre\.m2\repository\org\junit\jupiter\junit-jupiter\5.8.2\junit-jupiter-5.8.2.jar;C:\Users\devre\.m2\repository\org\junit\jupiter\junit-jupiter-api\5.8.2\junit-jupiter-api-5.8.2.jar;C:\Users\devre\.m2\repository\org\opentest4j\opentest4j\1.2.0\opentest4j-1.2.0.jar;C:\Users\devre\.m2\repository\org\junit\platform\junit-platform-commons\1.8.2\junit-platform-commons-1.8.2.jar;C:\Users\devre\.m2\repository\org\apiguardian\apiguardian-api\1.1.2\apiguardian-api-1.1.2.jar;C:\Users\devre\.m2\repository\org\junit\jupiter\junit-jupiter-params\5.8.2\junit-jupiter-params-5.8.2.jar;C:\Users\devre\.m2\repository\org\junit\jupiter\junit-jupiter-engine\5.8.2\junit-jupiter-engine-5.8.2.jar;C:\Users\devre\.m2\repository\org\junit\platform\junit-platform-engine\1.8.2\junit-platform-engine-1.8.2.jar;C:\Users\devre\.m2\repository\org\mockito\mockito-core\4.6.1\mockito-core-4.6.1.jar;C:\Users\devre\.m2\repository\net\bytebuddy\byte-buddy-agent\1.12.12\byte-buddy-agent-1.12.12.jar;C:\Users\devre\.m2\repository\org\objenesis\objenesis\3.2\objenesis-3.2.jar;C:\Users\devre\.m2\repository\org\mockito\mockito-junit-jupiter\4.6.1\mockito-junit-jupiter-4.6.1.jar;C:\Users\devre\.m2\repository\org\skyscreamer\jsonassert\1.5.1\jsonassert-1.5.1.jar;C:\Users\devre\.m2\repository\com\vaadin\external\google\android-json\0.0.20131108.vaadin1\android-json-0.0.20131108.vaadin1.jar;C:\Users\devre\.m2\repository\org\springframework\spring-core\6.0.0-M5\spring-core-6.0.0-M5.jar;C:\Users\devre\.m2\repository\org\springframework\spring-jcl\6.0.0-M5\spring-jcl-6.0.0-M5.jar;C:\Users\devre\.m2\repository\org\springframework\spring-test\6.0.0-M5\spring-test-6.0.0-M5.jar;C:\Users\devre\.m2\repository\org\xmlunit\xmlunit-core\2.9.0\xmlunit-core-2.9.0.jar;"/>
    <property name="java.vm.vendor" value="Oracle Corporation"/>
    <property name="sun.arch.data.model" value="64"/>
    <property name="user.variant" value=""/>
    <property name="java.vendor.url" value="https://java.oracle.com/"/>
    <property name="user.timezone" value="America/Sao_Paulo"/>
    <property name="os.name" value="Windows 11"/>
    <property name="java.vm.specification.version" value="18"/>
    <property name="sun.java.launcher" value="SUN_STANDARD"/>
    <property name="user.country" value="BR"/>
    <property name="sun.boot.library.path" value="C:\Program Files\Java\jdk-18.0.1.1\bin"/>
    <property name="sun.java.command" value="C:\Users\devre\AppData\Local\Temp\surefire317175231685718922\surefirebooter3957156832518761225.jar C:\Users\devre\AppData\Local\Temp\surefire317175231685718922 2022-07-24T12-30-56_690-jvmRun1 surefire1704020301897767522tmp surefire_02218058614851605060tmp"/>
    <property name="jdk.debug" value="release"/>
    <property name="surefire.test.class.path" value="C:\Users\devre\OneDrive\Documentos\AluraStickersJava\linguagens-api\target\test-classes;C:\Users\devre\OneDrive\Documentos\AluraStickersJava\linguagens-api\target\classes;C:\Users\devre\.m2\repository\org\springframework\boot\spring-boot-starter-web\3.0.0-M4\spring-boot-starter-web-3.0.0-M4.jar;C:\Users\devre\.m2\repository\org\springframework\boot\spring-boot-starter\3.0.0-M4\spring-boot-starter-3.0.0-M4.jar;C:\Users\devre\.m2\repository\org\springframework\boot\spring-boot\3.0.0-M4\spring-boot-3.0.0-M4.jar;C:\Users\devre\.m2\repository\org\springframework\boot\spring-boot-autoconfigure\3.0.0-M4\spring-boot-autoconfigure-3.0.0-M4.jar;C:\Users\devre\.m2\repository\org\springframework\boot\spring-boot-starter-logging\3.0.0-M4\spring-boot-starter-logging-3.0.0-M4.jar;C:\Users\devre\.m2\repository\ch\qos\logback\logback-classic\1.2.11\logback-classic-1.2.11.jar;C:\Users\devre\.m2\repository\ch\qos\logback\logback-core\1.2.11\logback-core-1.2.11.jar;C:\Users\devre\.m2\repository\org\apache\logging\log4j\log4j-to-slf4j\2.18.0\log4j-to-slf4j-2.18.0.jar;C:\Users\devre\.m2\repository\org\apache\logging\log4j\log4j-api\2.18.0\log4j-api-2.18.0.jar;C:\Users\devre\.m2\repository\org\slf4j\jul-to-slf4j\1.7.36\jul-to-slf4j-1.7.36.jar;C:\Users\devre\.m2\repository\jakarta\annotation\jakarta.annotation-api\2.0.0\jakarta.annotation-api-2.0.0.jar;C:\Users\devre\.m2\repository\org\yaml\snakeyaml\1.30\snakeyaml-1.30.jar;C:\Users\devre\.m2\repository\org\springframework\boot\spring-boot-starter-json\3.0.0-M4\spring-boot-starter-json-3.0.0-M4.jar;C:\Users\devre\.m2\repository\com\fasterxml\jackson\core\jackson-databind\2.13.3\jackson-databind-2.13.3.jar;C:\Users\devre\.m2\repository\com\fasterxml\jackson\core\jackson-annotations\2.13.3\jackson-annotations-2.13.3.jar;C:\Users\devre\.m2\repository\com\fasterxml\jackson\core\jackson-core\2.13.3\jackson-core-2.13.3.jar;C:\Users\devre\.m2\repository\com\fasterxml\jackson\datatype\jackson-datatype-jdk8\2.13.3\jackson-datatype-jdk8-2.13.3.jar;C:\Users\devre\.m2\repository\com\fasterxml\jackson\datatype\jackson-datatype-jsr310\2.13.3\jackson-datatype-jsr310-2.13.3.jar;C:\Users\devre\.m2\repository\com\fasterxml\jackson\module\jackson-module-parameter-names\2.13.3\jackson-module-parameter-names-2.13.3.jar;C:\Users\devre\.m2\repository\org\springframework\boot\spring-boot-starter-tomcat\3.0.0-M4\spring-boot-starter-tomcat-3.0.0-M4.jar;C:\Users\devre\.m2\repository\org\apache\tomcat\embed\tomcat-embed-core\10.0.22\tomcat-embed-core-10.0.22.jar;C:\Users\devre\.m2\repository\org\apache\tomcat\embed\tomcat-embed-el\10.0.22\tomcat-embed-el-10.0.22.jar;C:\Users\devre\.m2\repository\org\apache\tomcat\embed\tomcat-embed-websocket\10.0.22\tomcat-embed-websocket-10.0.22.jar;C:\Users\devre\.m2\repository\org\springframework\spring-web\6.0.0-M5\spring-web-6.0.0-M5.jar;C:\Users\devre\.m2\repository\org\springframework\spring-beans\6.0.0-M5\spring-beans-6.0.0-M5.jar;C:\Users\devre\.m2\repository\org\springframework\spring-webmvc\6.0.0-M5\spring-webmvc-6.0.0-M5.jar;C:\Users\devre\.m2\repository\org\springframework\spring-aop\6.0.0-M5\spring-aop-6.0.0-M5.jar;C:\Users\devre\.m2\repository\org\springframework\spring-context\6.0.0-M5\spring-context-6.0.0-M5.jar;C:\Users\devre\.m2\repository\org\springframework\spring-expression\6.0.0-M5\spring-expression-6.0.0-M5.jar;C:\Users\devre\.m2\repository\org\springframework\boot\spring-boot-starter-data-mongodb\3.0.0-M4\spring-boot-starter-data-mongodb-3.0.0-M4.jar;C:\Users\devre\.m2\repository\org\mongodb\mongodb-driver-sync\4.7.0-beta0\mongodb-driver-sync-4.7.0-beta0.jar;C:\Users\devre\.m2\repository\org\mongodb\bson\4.7.0-beta0\bson-4.7.0-beta0.jar;C:\Users\devre\.m2\repository\org\mongodb\mongodb-driver-core\4.7.0-beta0\mongodb-driver-core-4.7.0-beta0.jar;C:\Users\devre\.m2\repository\org\mongodb\bson-record-codec\4.7.0-beta0\bson-record-codec-4.7.0-beta0.jar;C:\Users\devre\.m2\repository\org\springframework\data\spring-data-mongodb\4.0.0-M5\spring-data-mongodb-4.0.0-M5.jar;C:\Users\devre\.m2\repository\org\springframework\spring-tx\6.0.0-M5\spring-tx-6.0.0-M5.jar;C:\Users\devre\.m2\repository\org\springframework\data\spring-data-commons\3.0.0-M5\spring-data-commons-3.0.0-M5.jar;C:\Users\devre\.m2\repository\org\slf4j\slf4j-api\1.7.36\slf4j-api-1.7.36.jar;C:\Users\devre\.m2\repository\org\springframework\boot\spring-boot-starter-test\3.0.0-M4\spring-boot-starter-test-3.0.0-M4.jar;C:\Users\devre\.m2\repository\org\springframework\boot\spring-boot-test\3.0.0-M4\spring-boot-test-3.0.0-M4.jar;C:\Users\devre\.m2\repository\org\springframework\boot\spring-boot-test-autoconfigure\3.0.0-M4\spring-boot-test-autoconfigure-3.0.0-M4.jar;C:\Users\devre\.m2\repository\com\jayway\jsonpath\json-path\2.7.0\json-path-2.7.0.jar;C:\Users\devre\.m2\repository\net\minidev\json-smart\2.4.8\json-smart-2.4.8.jar;C:\Users\devre\.m2\repository\net\minidev\accessors-smart\2.4.8\accessors-smart-2.4.8.jar;C:\Users\devre\.m2\repository\org\ow2\asm\asm\9.1\asm-9.1.jar;C:\Users\devre\.m2\repository\jakarta\xml\bind\jakarta.xml.bind-api\3.0.1\jakarta.xml.bind-api-3.0.1.jar;C:\Users\devre\.m2\repository\com\sun\activation\jakarta.activation\2.0.1\jakarta.activation-2.0.1.jar;C:\Users\devre\.m2\repository\org\assertj\assertj-core\3.23.1\assertj-core-3.23.1.jar;C:\Users\devre\.m2\repository\net\bytebuddy\byte-buddy\1.12.12\byte-buddy-1.12.12.jar;C:\Users\devre\.m2\repository\org\hamcrest\hamcrest\2.2\hamcrest-2.2.jar;C:\Users\devre\.m2\repository\org\junit\jupiter\junit-jupiter\5.8.2\junit-jupiter-5.8.2.jar;C:\Users\devre\.m2\repository\org\junit\jupiter\junit-jupiter-api\5.8.2\junit-jupiter-api-5.8.2.jar;C:\Users\devre\.m2\repository\org\opentest4j\opentest4j\1.2.0\opentest4j-1.2.0.jar;C:\Users\devre\.m2\repository\org\junit\platform\junit-platform-commons\1.8.2\junit-platform-commons-1.8.2.jar;C:\Users\devre\.m2\repository\org\apiguardian\apiguardian-api\1.1.2\apiguardian-api-1.1.2.jar;C:\Users\devre\.m2\repository\org\junit\jupiter\junit-jupiter-params\5.8.2\junit-jupiter-params-5.8.2.jar;C:\Users\devre\.m2\repository\org\junit\jupiter\junit-jupiter-engine\5.8.2\junit-jupiter-engine-5.8.2.jar;C:\Users\devre\.m2\repository\org\junit\platform\junit-platform-engine\1.8.2\junit-platform-engine-1.8.2.jar;C:\Users\devre\.m2\repository\org\mockito\mockito-core\4.6.1\mockito-core-4.6.1.jar;C:\Users\devre\.m2\repository\net\bytebuddy\byte-buddy-agent\1.12.12\byte-buddy-agent-1.12.12.jar;C:\Users\devre\.m2\repository\org\objenesis\objenesis\3.2\objenesis-3.2.jar;C:\Users\devre\.m2\repository\org\mockito\mockito-junit-jupiter\4.6.1\mockito-junit-jupiter-4.6.1.jar;C:\Users\devre\.m2\repository\org\skyscreamer\jsonassert\1.5.1\jsonassert-1.5.1.jar;C:\Users\devre\.m2\repository\com\vaadin\external\google\android-json\0.0.20131108.vaadin1\android-json-0.0.20131108.vaadin1.jar;C:\Users\devre\.m2\repository\org\springframework\spring-core\6.0.0-M5\spring-core-6.0.0-M5.jar;C:\Users\devre\.m2\repository\org\springframework\spring-jcl\6.0.0-M5\spring-jcl-6.0.0-M5.jar;C:\Users\devre\.m2\repository\org\springframework\spring-test\6.0.0-M5\spring-test-6.0.0-M5.jar;C:\Users\devre\.m2\repository\org\xmlunit\xmlunit-core\2.9.0\xmlunit-core-2.9.0.jar;"/>
    <property name="sun.cpu.endian" value="little"/>
    <property name="user.home" value="C:\Users\devre"/>
    <property name="user.language" value="pt"/>
    <property name="java.specification.vendor" value="Oracle Corporation"/>
    <property name="java.version.date" value="2022-04-22"/>
    <property name="java.home" value="C:\Program Files\Java\jdk-18.0.1.1"/>
    <property name="file.separator" value="\"/>
    <property name="basedir" value="C:\Users\devre\OneDrive\Documentos\AluraStickersJava\linguagens-api"/>
    <property name="java.vm.compressedOopsMode" value="32-bit"/>
    <property name="line.separator" value="&#10;"/>
    <property name="java.vm.specification.vendor" value="Oracle Corporation"/>
    <property name="java.specification.name" value="Java Platform API Specification"/>
    <property name="surefire.real.class.path" value="C:\Users\devre\AppData\Local\Temp\surefire317175231685718922\surefirebooter3957156832518761225.jar"/>
    <property name="user.script" value=""/>
    <property name="sun.management.compiler" value="HotSpot 64-Bit Tiered Compilers"/>
    <property name="java.runtime.version" value="18.0.1.1+2-6"/>
    <property name="user.name" value="devre"/>
    <property name="path.separator" value=";"/>
    <property name="os.version" value="10.0"/>
    <property name="java.runtime.name" value="Java(TM) SE Runtime Environment"/>
    <property name="file.encoding" value="UTF-8"/>
    <property name="java.vm.name" value="Java HotSpot(TM) 64-Bit Server VM"/>
    <property name="localRepository" value="C:\Users\devre\.m2\repository"/>
    <property name="java.vendor.url.bug" value="https://bugreport.java.com/bugreport/"/>
    <property name="java.io.tmpdir" value="C:\Users\devre\AppData\Local\Temp\"/>
    <property name="java.version" value="18.0.1.1"/>
    <property name="user.dir" value="C:\Users\devre\OneDrive\Documentos\AluraStickersJava\linguagens-api"/>
    <property name="os.arch" value="amd64"/>
    <property name="java.vm.specification.name" value="Java Virtual Machine Specification"/>
    <property name="sun.os.patch.level" value=""/>
    <property name="native.encoding" value="Cp1252"/>
    <property name="java.library.path" value="C:\Program Files\Java\jdk-18.0.1.1\bin;C:\WINDOWS\Sun\Java\bin;C:\WINDOWS\system32;C:\WINDOWS;C:\Program Files\Java\jdk-18.0.1.1; C:\Program Files\Java\jdk-18.0.1.1\bin;C:\Program Files\Java\jdk-18.0.1.1; C:\Program Files\Java\jdk-18.0.1.1\bin;."/>
    <property name="java.vm.info" value="mixed mode, sharing"/>
    <property name="java.vendor" value="Oracle Corporation"/>
    <property name="java.vm.version" value="18.0.1.1+2-6"/>
    <property name="sun.io.unicode.encoding" value="UnicodeLittle"/>
    <property name="java.class.version" value="62.0"/>
  </properties>
  <testcase name="br.com.alura.linguagensapi.LinguagensApiApplicationTests" classname="br.com.alura.linguagensapi.LinguagensApiApplicationTests" time="0.506">
    <error message="Unable to find a @SpringBootConfiguration, you need to use @ContextConfiguration or @SpringBootTest(classes=...) with your test" type="java.lang.IllegalStateException">java.lang.IllegalStateException: Unable to find a @SpringBootConfiguration, you need to use @ContextConfiguration or @SpringBootTest(classes=...) with your test
</error>
    <system-out><![CDATA[12:31:05.188 [main] DEBUG org.springframework.test.context.BootstrapUtils - Instantiating CacheAwareContextLoaderDelegate from class [org.springframework.test.context.cache.DefaultCacheAwareContextLoaderDelegate]
12:31:05.211 [main] DEBUG org.springframework.test.context.BootstrapUtils - Instantiating BootstrapContext using constructor [public org.springframework.test.context.support.DefaultBootstrapContext(java.lang.Class,org.springframework.test.context.CacheAwareContextLoaderDelegate)]
12:31:05.323 [main] DEBUG org.springframework.test.context.BootstrapUtils - Instantiating TestContextBootstrapper for test class [br.com.alura.linguagensapi.LinguagensApiApplicationTests] from class [org.springframework.boot.test.context.SpringBootTestContextBootstrapper]
12:31:05.334 [main] INFO org.springframework.boot.test.context.SpringBootTestContextBootstrapper - Neither @ContextConfiguration nor @ContextHierarchy found for test class [br.com.alura.linguagensapi.LinguagensApiApplicationTests], using SpringBootContextLoader
12:31:05.339 [main] DEBUG org.springframework.test.context.support.AbstractContextLoader - Did not detect default resource location for test class [br.com.alura.linguagensapi.LinguagensApiApplicationTests]: class path resource [br/com/alura/linguagensapi/LinguagensApiApplicationTests-context.xml] does not exist
12:31:05.340 [main] DEBUG org.springframework.test.context.support.AbstractContextLoader - Did not detect default resource location for test class [br.com.alura.linguagensapi.LinguagensApiApplicationTests]: class path resource [br/com/alura/linguagensapi/LinguagensApiApplicationTestsContext.groovy] does not exist
12:31:05.340 [main] INFO org.springframework.test.context.support.AbstractContextLoader - Could not detect default resource locations for test class [br.com.alura.linguagensapi.LinguagensApiApplicationTests]: no resource found for suffixes {-context.xml, Context.groovy}.
12:31:05.342 [main] INFO org.springframework.test.context.support.AnnotationConfigContextLoaderUtils - Could not detect default configuration classes for test class [br.com.alura.linguagensapi.LinguagensApiApplicationTests]: LinguagensApiApplicationTests does not declare any static, non-private, non-final, nested classes annotated with @Configuration.
12:31:05.428 [main] DEBUG org.springframework.test.context.support.ActiveProfilesUtils - Could not find an 'annotation declaring class' for annotation type [org.springframework.test.context.ActiveProfiles] and class [br.com.alura.linguagensapi.LinguagensApiApplicationTests]
]]></system-out>
  </testcase>
</testsuite>